<?xml version="1.0" encoding="UTF-8" standalone="yes"?><!DOCTYPE report PUBLIC "-//JACOCO//DTD Report 1.1//EN"
        "report.dtd">
<report name="portfolio-overlap">
    <sessioninfo id="Baruns-MacBook-Pro.local-88ac3b01" start="1676891760172" dump="1676891766630"/>
    <package name="com/barun/fabric/portfoliooverlap/manager">
        <class name="com/barun/fabric/portfoliooverlap/manager/PortfolioManagerImpl"
               sourcefilename="PortfolioManagerImpl.java">
            <method name="&lt;init&gt;"
                    desc="(Lcom/barun/fabric/portfoliooverlap/model/MasterFundsData;Lcom/barun/fabric/portfoliooverlap/util/MutualFundOverlapCalculator;)V"
                    line="19">
                <counter type="INSTRUCTION" missed="0" covered="9"/>
                <counter type="LINE" missed="0" covered="4"/>
                <counter type="COMPLEXITY" missed="0" covered="1"/>
                <counter type="METHOD" missed="0" covered="1"/>
            </method>
            <method name="setCurrentPortfolio" desc="(Ljava/lang/String;)V" line="26">
                <counter type="INSTRUCTION" missed="0" covered="20"/>
                <counter type="LINE" missed="0" covered="6"/>
                <counter type="COMPLEXITY" missed="0" covered="1"/>
                <counter type="METHOD" missed="0" covered="1"/>
            </method>
            <method name="printFundOverlap" desc="(Ljava/lang/String;)V" line="37">
                <counter type="INSTRUCTION" missed="0" covered="31"/>
                <counter type="BRANCH" missed="0" covered="2"/>
                <counter type="LINE" missed="0" covered="7"/>
                <counter type="COMPLEXITY" missed="0" covered="2"/>
                <counter type="METHOD" missed="0" covered="1"/>
            </method>
            <method name="addStockToMutualFund" desc="(Ljava/lang/String;)V" line="62">
                <counter type="INSTRUCTION" missed="6" covered="17"/>
                <counter type="LINE" missed="2" covered="3"/>
                <counter type="COMPLEXITY" missed="0" covered="1"/>
                <counter type="METHOD" missed="0" covered="1"/>
            </method>
            <method name="getCommandArgs" desc="(Ljava/lang/String;)[Ljava/lang/String;" line="69">
                <counter type="INSTRUCTION" missed="0" covered="4"/>
                <counter type="LINE" missed="0" covered="1"/>
                <counter type="COMPLEXITY" missed="0" covered="1"/>
                <counter type="METHOD" missed="0" covered="1"/>
            </method>
            <method name="getMutualFunds" desc="()Ljava/util/Set;" line="74">
                <counter type="INSTRUCTION" missed="0" covered="4"/>
                <counter type="LINE" missed="0" covered="1"/>
                <counter type="COMPLEXITY" missed="0" covered="1"/>
                <counter type="METHOD" missed="0" covered="1"/>
            </method>
            <method name="lambda$printFundOverlap$1" desc="(Ljava/util/Set;Ljava/lang/String;Ljava/lang/String;)V"
                    line="48">
                <counter type="INSTRUCTION" missed="0" covered="29"/>
                <counter type="BRANCH" missed="1" covered="3"/>
                <counter type="LINE" missed="0" covered="7"/>
                <counter type="COMPLEXITY" missed="1" covered="2"/>
                <counter type="METHOD" missed="0" covered="1"/>
            </method>
            <method name="lambda$setCurrentPortfolio$0" desc="(Ljava/lang/String;)V" line="30">
                <counter type="INSTRUCTION" missed="0" covered="6"/>
                <counter type="LINE" missed="0" covered="1"/>
                <counter type="COMPLEXITY" missed="0" covered="1"/>
                <counter type="METHOD" missed="0" covered="1"/>
            </method>
            <counter type="INSTRUCTION" missed="6" covered="120"/>
            <counter type="BRANCH" missed="1" covered="5"/>
            <counter type="LINE" missed="2" covered="29"/>
            <counter type="COMPLEXITY" missed="1" covered="10"/>
            <counter type="METHOD" missed="0" covered="8"/>
            <counter type="CLASS" missed="0" covered="1"/>
        </class>
        <class name="com/barun/fabric/portfoliooverlap/manager/PortfolioManager"
               sourcefilename="PortfolioManager.java"/>
        <sourcefile name="PortfolioManager.java"/>
        <sourcefile name="PortfolioManagerImpl.java">
            <line nr="19" mi="0" ci="2" mb="0" cb="0"/>
            <line nr="20" mi="0" ci="3" mb="0" cb="0"/>
            <line nr="21" mi="0" ci="3" mb="0" cb="0"/>
            <line nr="22" mi="0" ci="1" mb="0" cb="0"/>
            <line nr="26" mi="0" ci="5" mb="0" cb="0"/>
            <line nr="27" mi="0" ci="2" mb="0" cb="0"/>
            <line nr="28" mi="0" ci="4" mb="0" cb="0"/>
            <line nr="30" mi="0" ci="11" mb="0" cb="0"/>
            <line nr="32" mi="0" ci="3" mb="0" cb="0"/>
            <line nr="33" mi="0" ci="1" mb="0" cb="0"/>
            <line nr="37" mi="0" ci="4" mb="0" cb="0"/>
            <line nr="39" mi="0" ci="4" mb="0" cb="2"/>
            <line nr="40" mi="0" ci="5" mb="0" cb="0"/>
            <line nr="43" mi="0" ci="4" mb="0" cb="0"/>
            <line nr="45" mi="0" ci="5" mb="0" cb="0"/>
            <line nr="47" mi="0" ci="8" mb="0" cb="0"/>
            <line nr="48" mi="0" ci="5" mb="0" cb="0"/>
            <line nr="49" mi="0" ci="3" mb="0" cb="2"/>
            <line nr="50" mi="0" ci="5" mb="0" cb="0"/>
            <line nr="51" mi="0" ci="4" mb="0" cb="0"/>
            <line nr="53" mi="0" ci="3" mb="1" cb="1"/>
            <line nr="54" mi="0" ci="8" mb="0" cb="0"/>
            <line nr="56" mi="0" ci="1" mb="0" cb="0"/>
            <line nr="58" mi="0" ci="1" mb="0" cb="0"/>
            <line nr="62" mi="0" ci="4" mb="0" cb="0"/>
            <line nr="63" mi="0" ci="4" mb="0" cb="0"/>
            <line nr="64" mi="0" ci="9" mb="0" cb="0"/>
            <line nr="65" mi="5" ci="0" mb="0" cb="0"/>
            <line nr="66" mi="1" ci="0" mb="0" cb="0"/>
            <line nr="69" mi="0" ci="4" mb="0" cb="0"/>
            <line nr="74" mi="0" ci="4" mb="0" cb="0"/>
            <counter type="INSTRUCTION" missed="6" covered="120"/>
            <counter type="BRANCH" missed="1" covered="5"/>
            <counter type="LINE" missed="2" covered="29"/>
            <counter type="COMPLEXITY" missed="1" covered="10"/>
            <counter type="METHOD" missed="0" covered="8"/>
            <counter type="CLASS" missed="0" covered="1"/>
        </sourcefile>
        <counter type="INSTRUCTION" missed="6" covered="120"/>
        <counter type="BRANCH" missed="1" covered="5"/>
        <counter type="LINE" missed="2" covered="29"/>
        <counter type="COMPLEXITY" missed="1" covered="10"/>
        <counter type="METHOD" missed="0" covered="8"/>
        <counter type="CLASS" missed="0" covered="1"/>
    </package>
    <package name="com/barun/fabric/portfoliooverlap/model">
        <class name="com/barun/fabric/portfoliooverlap/model/MutualFund" sourcefilename="MutualFund.java">
            <method name="&lt;init&gt;" desc="(Ljava/util/Set;)V" line="9">
                <counter type="INSTRUCTION" missed="6" covered="0"/>
                <counter type="LINE" missed="3" covered="0"/>
                <counter type="COMPLEXITY" missed="1" covered="0"/>
                <counter type="METHOD" missed="1" covered="0"/>
            </method>
            <method name="getFunds" desc="()Ljava/util/Set;" line="14">
                <counter type="INSTRUCTION" missed="0" covered="4"/>
                <counter type="LINE" missed="0" covered="1"/>
                <counter type="COMPLEXITY" missed="0" covered="1"/>
                <counter type="METHOD" missed="0" covered="1"/>
            </method>
            <counter type="INSTRUCTION" missed="6" covered="4"/>
            <counter type="LINE" missed="3" covered="1"/>
            <counter type="COMPLEXITY" missed="1" covered="1"/>
            <counter type="METHOD" missed="1" covered="1"/>
            <counter type="CLASS" missed="0" covered="1"/>
        </class>
        <class name="com/barun/fabric/portfoliooverlap/model/MutualFundDetails" sourcefilename="MutualFundDetails.java">
            <method name="&lt;init&gt;" desc="(Ljava/lang/String;Ljava/util/Set;)V" line="10">
                <counter type="INSTRUCTION" missed="9" covered="0"/>
                <counter type="LINE" missed="4" covered="0"/>
                <counter type="COMPLEXITY" missed="1" covered="0"/>
                <counter type="METHOD" missed="1" covered="0"/>
            </method>
            <method name="getName" desc="()Ljava/lang/String;" line="16">
                <counter type="INSTRUCTION" missed="0" covered="3"/>
                <counter type="LINE" missed="0" covered="1"/>
                <counter type="COMPLEXITY" missed="0" covered="1"/>
                <counter type="METHOD" missed="0" covered="1"/>
            </method>
            <method name="getStocks" desc="()Ljava/util/Set;" line="20">
                <counter type="INSTRUCTION" missed="0" covered="6"/>
                <counter type="LINE" missed="0" covered="1"/>
                <counter type="COMPLEXITY" missed="0" covered="1"/>
                <counter type="METHOD" missed="0" covered="1"/>
            </method>
            <counter type="INSTRUCTION" missed="9" covered="9"/>
            <counter type="LINE" missed="4" covered="2"/>
            <counter type="COMPLEXITY" missed="1" covered="2"/>
            <counter type="METHOD" missed="1" covered="2"/>
            <counter type="CLASS" missed="0" covered="1"/>
        </class>
        <class name="com/barun/fabric/portfoliooverlap/model/MasterFundsData" sourcefilename="MasterFundsData.java">
            <method name="&lt;init&gt;" desc="(Ljava/lang/String;)V" line="15">
                <counter type="INSTRUCTION" missed="0" covered="8"/>
                <counter type="LINE" missed="0" covered="4"/>
                <counter type="COMPLEXITY" missed="0" covered="1"/>
                <counter type="METHOD" missed="0" covered="1"/>
            </method>
            <method name="initialiseMasterFundsData" desc="()V" line="21">
                <counter type="INSTRUCTION" missed="0" covered="17"/>
                <counter type="LINE" missed="0" covered="6"/>
                <counter type="COMPLEXITY" missed="0" covered="1"/>
                <counter type="METHOD" missed="0" covered="1"/>
            </method>
            <method name="getStocksInMutualFund" desc="(Ljava/lang/String;)Ljava/util/Set;" line="29">
                <counter type="INSTRUCTION" missed="0" covered="16"/>
                <counter type="BRANCH" missed="0" covered="2"/>
                <counter type="LINE" missed="0" covered="5"/>
                <counter type="COMPLEXITY" missed="0" covered="2"/>
                <counter type="METHOD" missed="0" covered="1"/>
            </method>
            <method name="addStocksInMutualFund" desc="(Ljava/lang/String;Ljava/util/Set;)V" line="38">
                <counter type="INSTRUCTION" missed="0" covered="7"/>
                <counter type="LINE" missed="0" covered="2"/>
                <counter type="COMPLEXITY" missed="0" covered="1"/>
                <counter type="METHOD" missed="0" covered="1"/>
            </method>
            <method name="mutualFundPresentInMasterData" desc="(Ljava/lang/String;)Z" line="42">
                <counter type="INSTRUCTION" missed="0" covered="13"/>
                <counter type="BRANCH" missed="0" covered="2"/>
                <counter type="LINE" missed="0" covered="3"/>
                <counter type="COMPLEXITY" missed="0" covered="2"/>
                <counter type="METHOD" missed="0" covered="1"/>
            </method>
            <counter type="INSTRUCTION" missed="0" covered="61"/>
            <counter type="BRANCH" missed="0" covered="4"/>
            <counter type="LINE" missed="0" covered="20"/>
            <counter type="COMPLEXITY" missed="0" covered="7"/>
            <counter type="METHOD" missed="0" covered="5"/>
            <counter type="CLASS" missed="0" covered="1"/>
        </class>
        <sourcefile name="MutualFundDetails.java">
            <line nr="10" mi="2" ci="0" mb="0" cb="0"/>
            <line nr="11" mi="3" ci="0" mb="0" cb="0"/>
            <line nr="12" mi="3" ci="0" mb="0" cb="0"/>
            <line nr="13" mi="1" ci="0" mb="0" cb="0"/>
            <line nr="16" mi="0" ci="3" mb="0" cb="0"/>
            <line nr="20" mi="0" ci="6" mb="0" cb="0"/>
            <counter type="INSTRUCTION" missed="9" covered="9"/>
            <counter type="LINE" missed="4" covered="2"/>
            <counter type="COMPLEXITY" missed="1" covered="2"/>
            <counter type="METHOD" missed="1" covered="2"/>
            <counter type="CLASS" missed="0" covered="1"/>
        </sourcefile>
        <sourcefile name="MasterFundsData.java">
            <line nr="15" mi="0" ci="2" mb="0" cb="0"/>
            <line nr="16" mi="0" ci="3" mb="0" cb="0"/>
            <line nr="17" mi="0" ci="2" mb="0" cb="0"/>
            <line nr="18" mi="0" ci="1" mb="0" cb="0"/>
            <line nr="21" mi="0" ci="6" mb="0" cb="0"/>
            <line nr="22" mi="0" ci="2" mb="0" cb="0"/>
            <line nr="23" mi="0" ci="1" mb="0" cb="0"/>
            <line nr="24" mi="0" ci="3" mb="0" cb="0"/>
            <line nr="25" mi="0" ci="4" mb="0" cb="0"/>
            <line nr="26" mi="0" ci="1" mb="0" cb="0"/>
            <line nr="29" mi="0" ci="6" mb="0" cb="0"/>
            <line nr="30" mi="0" ci="3" mb="0" cb="2"/>
            <line nr="31" mi="0" ci="3" mb="0" cb="0"/>
            <line nr="32" mi="0" ci="2" mb="0" cb="0"/>
            <line nr="34" mi="0" ci="2" mb="0" cb="0"/>
            <line nr="38" mi="0" ci="6" mb="0" cb="0"/>
            <line nr="39" mi="0" ci="1" mb="0" cb="0"/>
            <line nr="42" mi="0" ci="5" mb="0" cb="2"/>
            <line nr="43" mi="0" ci="2" mb="0" cb="0"/>
            <line nr="44" mi="0" ci="6" mb="0" cb="0"/>
            <counter type="INSTRUCTION" missed="0" covered="61"/>
            <counter type="BRANCH" missed="0" covered="4"/>
            <counter type="LINE" missed="0" covered="20"/>
            <counter type="COMPLEXITY" missed="0" covered="7"/>
            <counter type="METHOD" missed="0" covered="5"/>
            <counter type="CLASS" missed="0" covered="1"/>
        </sourcefile>
        <sourcefile name="MutualFund.java">
            <line nr="9" mi="2" ci="0" mb="0" cb="0"/>
            <line nr="10" mi="3" ci="0" mb="0" cb="0"/>
            <line nr="11" mi="1" ci="0" mb="0" cb="0"/>
            <line nr="14" mi="0" ci="4" mb="0" cb="0"/>
            <counter type="INSTRUCTION" missed="6" covered="4"/>
            <counter type="LINE" missed="3" covered="1"/>
            <counter type="COMPLEXITY" missed="1" covered="1"/>
            <counter type="METHOD" missed="1" covered="1"/>
            <counter type="CLASS" missed="0" covered="1"/>
        </sourcefile>
        <counter type="INSTRUCTION" missed="15" covered="74"/>
        <counter type="BRANCH" missed="0" covered="4"/>
        <counter type="LINE" missed="7" covered="23"/>
        <counter type="COMPLEXITY" missed="2" covered="10"/>
        <counter type="METHOD" missed="2" covered="8"/>
        <counter type="CLASS" missed="0" covered="3"/>
    </package>
    <package name="com/barun/fabric/portfoliooverlap/util">
        <class name="com/barun/fabric/portfoliooverlap/util/FileReaderUtil" sourcefilename="FileReaderUtil.java">
            <method name="getResource" desc="(Ljava/lang/String;)Ljava/lang/String;" line="17">
                <counter type="INSTRUCTION" missed="8" covered="34"/>
                <counter type="BRANCH" missed="0" covered="2"/>
                <counter type="LINE" missed="2" covered="9"/>
                <counter type="COMPLEXITY" missed="0" covered="2"/>
                <counter type="METHOD" missed="0" covered="1"/>
            </method>
            <method name="readJson" desc="(Ljava/lang/String;Ljava/lang/Class;)Ljava/lang/Object;" line="37">
                <counter type="INSTRUCTION" missed="0" covered="12"/>
                <counter type="LINE" missed="0" covered="3"/>
                <counter type="COMPLEXITY" missed="0" covered="1"/>
                <counter type="METHOD" missed="0" covered="1"/>
            </method>
            <counter type="INSTRUCTION" missed="8" covered="46"/>
            <counter type="BRANCH" missed="0" covered="2"/>
            <counter type="LINE" missed="2" covered="12"/>
            <counter type="COMPLEXITY" missed="0" covered="3"/>
            <counter type="METHOD" missed="0" covered="2"/>
            <counter type="CLASS" missed="0" covered="1"/>
        </class>
        <class name="com/barun/fabric/portfoliooverlap/util/InputCommandParser"
               sourcefilename="InputCommandParser.java">
            <method name="&lt;init&gt;" desc="(Lcom/barun/fabric/portfoliooverlap/manager/PortfolioManager;)V"
                    line="20">
                <counter type="INSTRUCTION" missed="0" covered="44"/>
                <counter type="LINE" missed="0" covered="6"/>
                <counter type="COMPLEXITY" missed="0" covered="1"/>
                <counter type="METHOD" missed="0" covered="1"/>
            </method>
            <method name="parseInputFromFile" desc="(Ljava/nio/file/Path;)Ljava/util/List;" line="29">
                <counter type="INSTRUCTION" missed="0" covered="29"/>
                <counter type="BRANCH" missed="0" covered="2"/>
                <counter type="LINE" missed="0" covered="9"/>
                <counter type="COMPLEXITY" missed="0" covered="2"/>
                <counter type="METHOD" missed="0" covered="1"/>
            </method>
            <method name="convertLineToUseCaseCommand" desc="(Ljava/lang/String;)Ljava/lang/Runnable;" line="44">
                <counter type="INSTRUCTION" missed="0" covered="12"/>
                <counter type="LINE" missed="0" covered="2"/>
                <counter type="COMPLEXITY" missed="0" covered="1"/>
                <counter type="METHOD" missed="0" covered="1"/>
            </method>
            <method name="commandFromInput" desc="(Ljava/lang/String;)Ljava/lang/String;" line="49">
                <counter type="INSTRUCTION" missed="0" covered="6"/>
                <counter type="LINE" missed="0" covered="1"/>
                <counter type="COMPLEXITY" missed="0" covered="1"/>
                <counter type="METHOD" missed="0" covered="1"/>
            </method>
            <method name="lambda$convertLineToUseCaseCommand$2"
                    desc="(Ljava/util/function/Consumer;Ljava/lang/String;)V" line="45">
                <counter type="INSTRUCTION" missed="4" covered="0"/>
                <counter type="LINE" missed="1" covered="0"/>
                <counter type="COMPLEXITY" missed="1" covered="0"/>
                <counter type="METHOD" missed="1" covered="0"/>
            </method>
            <method name="lambda$parseInputFromFile$1" desc="(Ljava/lang/String;)Z" line="32">
                <counter type="INSTRUCTION" missed="0" covered="16"/>
                <counter type="BRANCH" missed="0" covered="6"/>
                <counter type="LINE" missed="0" covered="3"/>
                <counter type="COMPLEXITY" missed="0" covered="4"/>
                <counter type="METHOD" missed="0" covered="1"/>
            </method>
            <method name="lambda$parseInputFromFile$0" desc="(Ljava/lang/String;)Ljava/lang/String;" line="31">
                <counter type="INSTRUCTION" missed="0" covered="6"/>
                <counter type="LINE" missed="0" covered="1"/>
                <counter type="COMPLEXITY" missed="0" covered="1"/>
                <counter type="METHOD" missed="0" covered="1"/>
            </method>
            <counter type="INSTRUCTION" missed="4" covered="113"/>
            <counter type="BRANCH" missed="0" covered="8"/>
            <counter type="LINE" missed="0" covered="20"/>
            <counter type="COMPLEXITY" missed="1" covered="10"/>
            <counter type="METHOD" missed="1" covered="6"/>
            <counter type="CLASS" missed="0" covered="1"/>
        </class>
        <class name="com/barun/fabric/portfoliooverlap/util/MutualFundOverlapCalculator"
               sourcefilename="MutualFundOverlapCalculator.java">
            <method name="&lt;init&gt;" desc="()V" line="6">
                <counter type="INSTRUCTION" missed="0" covered="6"/>
                <counter type="LINE" missed="0" covered="2"/>
                <counter type="COMPLEXITY" missed="0" covered="1"/>
                <counter type="METHOD" missed="0" covered="1"/>
            </method>
            <method name="calculateOverlap" desc="(Ljava/util/Set;Ljava/util/Set;)Ljava/util/Optional;" line="11">
                <counter type="INSTRUCTION" missed="0" covered="42"/>
                <counter type="BRANCH" missed="0" covered="2"/>
                <counter type="LINE" missed="0" covered="4"/>
                <counter type="COMPLEXITY" missed="0" covered="2"/>
                <counter type="METHOD" missed="0" covered="1"/>
            </method>
            <counter type="INSTRUCTION" missed="0" covered="48"/>
            <counter type="BRANCH" missed="0" covered="2"/>
            <counter type="LINE" missed="0" covered="6"/>
            <counter type="COMPLEXITY" missed="0" covered="3"/>
            <counter type="METHOD" missed="0" covered="2"/>
            <counter type="CLASS" missed="0" covered="1"/>
        </class>
        <sourcefile name="InputCommandParser.java">
            <line nr="20" mi="0" ci="2" mb="0" cb="0"/>
            <line nr="21" mi="0" ci="12" mb="0" cb="0"/>
            <line nr="22" mi="0" ci="12" mb="0" cb="0"/>
            <line nr="23" mi="0" ci="12" mb="0" cb="0"/>
            <line nr="24" mi="0" ci="5" mb="0" cb="0"/>
            <line nr="26" mi="0" ci="1" mb="0" cb="0"/>
            <line nr="29" mi="0" ci="3" mb="0" cb="0"/>
            <line nr="30" mi="0" ci="3" mb="0" cb="0"/>
            <line nr="31" mi="0" ci="8" mb="0" cb="0"/>
            <line nr="32" mi="0" ci="8" mb="0" cb="2"/>
            <line nr="33" mi="0" ci="4" mb="0" cb="2"/>
            <line nr="34" mi="0" ci="5" mb="0" cb="2"/>
            <line nr="35" mi="0" ci="2" mb="0" cb="0"/>
            <line nr="36" mi="0" ci="4" mb="0" cb="2"/>
            <line nr="37" mi="0" ci="5" mb="0" cb="0"/>
            <line nr="39" mi="0" ci="6" mb="0" cb="0"/>
            <line nr="40" mi="0" ci="3" mb="0" cb="0"/>
            <line nr="44" mi="0" ci="8" mb="0" cb="0"/>
            <line nr="45" mi="4" ci="4" mb="0" cb="0"/>
            <line nr="49" mi="0" ci="6" mb="0" cb="0"/>
            <counter type="INSTRUCTION" missed="4" covered="113"/>
            <counter type="BRANCH" missed="0" covered="8"/>
            <counter type="LINE" missed="0" covered="20"/>
            <counter type="COMPLEXITY" missed="1" covered="10"/>
            <counter type="METHOD" missed="1" covered="6"/>
            <counter type="CLASS" missed="0" covered="1"/>
        </sourcefile>
        <sourcefile name="MutualFundOverlapCalculator.java">
            <line nr="6" mi="0" ci="2" mb="0" cb="0"/>
            <line nr="8" mi="0" ci="4" mb="0" cb="0"/>
            <line nr="11" mi="0" ci="7" mb="0" cb="0"/>
            <line nr="13" mi="0" ci="10" mb="0" cb="0"/>
            <line nr="15" mi="0" ci="8" mb="0" cb="0"/>
            <line nr="17" mi="0" ci="17" mb="0" cb="2"/>
            <counter type="INSTRUCTION" missed="0" covered="48"/>
            <counter type="BRANCH" missed="0" covered="2"/>
            <counter type="LINE" missed="0" covered="6"/>
            <counter type="COMPLEXITY" missed="0" covered="3"/>
            <counter type="METHOD" missed="0" covered="2"/>
            <counter type="CLASS" missed="0" covered="1"/>
        </sourcefile>
        <sourcefile name="FileReaderUtil.java">
            <line nr="17" mi="0" ci="4" mb="0" cb="0"/>
            <line nr="19" mi="0" ci="5" mb="0" cb="0"/>
            <line nr="21" mi="0" ci="6" mb="0" cb="0"/>
            <line nr="22" mi="0" ci="3" mb="0" cb="0"/>
            <line nr="27" mi="0" ci="5" mb="0" cb="2"/>
            <line nr="28" mi="0" ci="5" mb="0" cb="0"/>
            <line nr="29" mi="0" ci="2" mb="0" cb="0"/>
            <line nr="30" mi="1" ci="0" mb="0" cb="0"/>
            <line nr="31" mi="7" ci="0" mb="0" cb="0"/>
            <line nr="32" mi="0" ci="1" mb="0" cb="0"/>
            <line nr="33" mi="0" ci="3" mb="0" cb="0"/>
            <line nr="37" mi="0" ci="4" mb="0" cb="0"/>
            <line nr="38" mi="0" ci="3" mb="0" cb="0"/>
            <line nr="39" mi="0" ci="5" mb="0" cb="0"/>
            <counter type="INSTRUCTION" missed="8" covered="46"/>
            <counter type="BRANCH" missed="0" covered="2"/>
            <counter type="LINE" missed="2" covered="12"/>
            <counter type="COMPLEXITY" missed="0" covered="3"/>
            <counter type="METHOD" missed="0" covered="2"/>
            <counter type="CLASS" missed="0" covered="1"/>
        </sourcefile>
        <counter type="INSTRUCTION" missed="12" covered="207"/>
        <counter type="BRANCH" missed="0" covered="12"/>
        <counter type="LINE" missed="2" covered="38"/>
        <counter type="COMPLEXITY" missed="1" covered="16"/>
        <counter type="METHOD" missed="1" covered="10"/>
        <counter type="CLASS" missed="0" covered="3"/>
    </package>
    <counter type="INSTRUCTION" missed="33" covered="401"/>
    <counter type="BRANCH" missed="1" covered="21"/>
    <counter type="LINE" missed="11" covered="90"/>
    <counter type="COMPLEXITY" missed="4" covered="36"/>
    <counter type="METHOD" missed="3" covered="26"/>
    <counter type="CLASS" missed="0" covered="7"/>
</report>